Config file config/config.yaml is extended by additional config specified via the command line.
Building DAG of jobs...
Using shell: /bin/bash
Provided cores: 1 (use --cores to define parallelism)
Rules claiming more threads will be scaled down.
Job stats:
job       count    min threads    max threads
------  -------  -------------  -------------
all           1              1              1
concat        1              1              1
count         3              1              1
plot          1              1              1
total         6              1              1

Select jobs to execute...

[Thu Nov 17 11:19:03 2022]
rule count:
    input: resources/B.txt
    output: results/test10/wc_B.txt
    jobid: 4
    reason: Missing output files: results/test10/wc_B.txt
    wildcards: OUTDIR=test10, filename=B
    resources: tmpdir=/var/folders/tl/4x52f3y15c3_vmk1kj28_hgw0000gn/T

[Thu Nov 17 11:19:03 2022]
Finished job 4.
1 of 6 steps (17%) done
Select jobs to execute...

[Thu Nov 17 11:19:03 2022]
rule count:
    input: resources/C.txt
    output: results/test10/wc_C.txt
    jobid: 5
    reason: Missing output files: results/test10/wc_C.txt
    wildcards: OUTDIR=test10, filename=C
    resources: tmpdir=/var/folders/tl/4x52f3y15c3_vmk1kj28_hgw0000gn/T

[Thu Nov 17 11:19:03 2022]
Finished job 5.
2 of 6 steps (33%) done
Select jobs to execute...

[Thu Nov 17 11:19:03 2022]
rule count:
    input: resources/A.txt
    output: results/test10/wc_A.txt
    jobid: 3
    reason: Missing output files: results/test10/wc_A.txt
    wildcards: OUTDIR=test10, filename=A
    resources: tmpdir=/var/folders/tl/4x52f3y15c3_vmk1kj28_hgw0000gn/T

[Thu Nov 17 11:19:03 2022]
Finished job 3.
3 of 6 steps (50%) done
Select jobs to execute...

[Thu Nov 17 11:19:03 2022]
rule concat:
    input: results/test10/wc_A.txt, results/test10/wc_B.txt, results/test10/wc_C.txt
    output: results/test10/wc_all.csv
    jobid: 2
    reason: Missing output files: results/test10/wc_all.csv; Input files updated by another job: results/test10/wc_B.txt, results/test10/wc_A.txt, results/test10/wc_C.txt
    resources: tmpdir=/var/folders/tl/4x52f3y15c3_vmk1kj28_hgw0000gn/T

[Thu Nov 17 11:19:03 2022]
Error in rule concat:
    jobid: 2
    output: results/test10/wc_all.csv

RuleException:
WorkflowErrorin line 25 of /Users/mhb8436/Workspaces/snake/test4/workflow/Snakefile:
Failed to open source file /Users/mhb8436/Workspaces/snake/test4/workflow/workflow/scripts/concat.py
FileNotFoundError: [Errno 2] No such file or directory: '/Users/mhb8436/Workspaces/snake/test4/workflow/workflow/scripts/concat.py'
  File "/Users/mhb8436/Workspaces/snake/test4/workflow/Snakefile", line 25, in __rule_concat
  File "/Library/Frameworks/Python.framework/Versions/3.9/lib/python3.9/concurrent/futures/thread.py", line 58, in run
Shutting down, this might take some time.
Exiting because a job execution failed. Look above for error message
Complete log: .snakemake/log/2022-11-17T111902.749540.snakemake.log
