Config file config/config.yaml is extended by additional config specified via the command line.
Building DAG of jobs...
Using shell: /bin/bash
Provided cores: 1 (use --cores to define parallelism)
Rules claiming more threads will be scaled down.
Job stats:
job       count    min threads    max threads
------  -------  -------------  -------------
all           1              1              1
concat        1              1              1
count         3              1              1
plot          1              1              1
total         6              1              1

Select jobs to execute...

[Thu Nov 17 11:46:35 2022]
rule count:
    input: resources/B.txt
    output: results/test11/wc_B.txt
    jobid: 4
    reason: Missing output files: results/test11/wc_B.txt
    wildcards: OUTDIR=test11, filename=B
    resources: tmpdir=/var/folders/tl/4x52f3y15c3_vmk1kj28_hgw0000gn/T

[Thu Nov 17 11:46:35 2022]
Finished job 4.
1 of 6 steps (17%) done
Select jobs to execute...

[Thu Nov 17 11:46:35 2022]
rule count:
    input: resources/C.txt
    output: results/test11/wc_C.txt
    jobid: 5
    reason: Missing output files: results/test11/wc_C.txt
    wildcards: OUTDIR=test11, filename=C
    resources: tmpdir=/var/folders/tl/4x52f3y15c3_vmk1kj28_hgw0000gn/T

[Thu Nov 17 11:46:35 2022]
Finished job 5.
2 of 6 steps (33%) done
Select jobs to execute...

[Thu Nov 17 11:46:35 2022]
rule count:
    input: resources/A.txt
    output: results/test11/wc_A.txt
    jobid: 3
    reason: Missing output files: results/test11/wc_A.txt
    wildcards: OUTDIR=test11, filename=A
    resources: tmpdir=/var/folders/tl/4x52f3y15c3_vmk1kj28_hgw0000gn/T

[Thu Nov 17 11:46:35 2022]
Finished job 3.
3 of 6 steps (50%) done
Select jobs to execute...

[Thu Nov 17 11:46:35 2022]
rule concat:
    input: results/test11/wc_A.txt, results/test11/wc_B.txt, results/test11/wc_C.txt
    output: results/test11/wc_all.csv
    jobid: 2
    reason: Missing output files: results/test11/wc_all.csv; Input files updated by another job: results/test11/wc_C.txt, results/test11/wc_A.txt, results/test11/wc_B.txt
    resources: tmpdir=/var/folders/tl/4x52f3y15c3_vmk1kj28_hgw0000gn/T

[Thu Nov 17 11:46:36 2022]
Finished job 2.
4 of 6 steps (67%) done
Select jobs to execute...

[Thu Nov 17 11:46:36 2022]
rule plot:
    input: results/test11/wc_all.csv
    output: results/test11/wc_all.png
    jobid: 1
    reason: Missing output files: results/test11/wc_all.png; Input files updated by another job: results/test11/wc_all.csv
    resources: tmpdir=/var/folders/tl/4x52f3y15c3_vmk1kj28_hgw0000gn/T

[Thu Nov 17 11:46:37 2022]
Finished job 1.
5 of 6 steps (83%) done
Select jobs to execute...

[Thu Nov 17 11:46:37 2022]
localrule all:
    input: results/test11/wc_all.png
    jobid: 0
    reason: Input files updated by another job: results/test11/wc_all.png
    resources: tmpdir=/var/folders/tl/4x52f3y15c3_vmk1kj28_hgw0000gn/T

[Thu Nov 17 11:46:37 2022]
Finished job 0.
6 of 6 steps (100%) done
Complete log: .snakemake/log/2022-11-17T114634.993195.snakemake.log
